<?xml version="1.0" encoding="UTF-8"?>
<testng-results ignored="0" total="1" passed="1" failed="0" skipped="0">
  <reporter-output>
  </reporter-output>
  <suite started-at="2023-10-20T01:13:28 IST" name="Suite" finished-at="2023-10-20T01:13:39 IST" duration-ms="10806">
    <groups>
    </groups>
    <test started-at="2023-10-20T01:13:28 IST" name="Test" finished-at="2023-10-20T01:13:39 IST" duration-ms="10806">
      <class name="TestScenarios.TestMethods_GoogleSearch">
        <test-method is-config="true" signature="beforeTest()[pri:0, instance:TestScenarios.TestMethods_GoogleSearch@2667f029]" started-at="2023-10-20T01:13:28 IST" name="beforeTest" finished-at="2023-10-20T01:13:34 IST" duration-ms="6022" status="PASS">
          <reporter-output>
          </reporter-output>
        </test-method> <!-- beforeTest -->
        <test-method signature="searchOperation()[pri:0, instance:TestScenarios.TestMethods_GoogleSearch@2667f029]" started-at="2023-10-20T01:13:34 IST" name="searchOperation" finished-at="2023-10-20T01:13:39 IST" duration-ms="4442" status="PASS">
          <reporter-output>
          </reporter-output>
        </test-method> <!-- searchOperation -->
        <test-method is-config="true" signature="afterTest()[pri:0, instance:TestScenarios.TestMethods_GoogleSearch@2667f029]" started-at="2023-10-20T01:13:39 IST" name="afterTest" finished-at="2023-10-20T01:13:39 IST" duration-ms="284" status="PASS">
          <reporter-output>
          </reporter-output>
        </test-method> <!-- afterTest -->
      </class> <!-- TestScenarios.TestMethods_GoogleSearch -->
    </test> <!-- Test -->
  </suite> <!-- Suite -->
</testng-results>
